This file contains any messages produced by compilers while
running configure, to aid debugging if configure makes a mistake.

It was created by Lemur configure 4.3, which was
generated by GNU Autoconf 2.59.  Invocation command line was

  $ ./configure 

## --------- ##
## Platform. ##
## --------- ##

hostname = MacBook-Pro-4.local
uname -m = arm64
uname -r = 21.4.0
uname -s = Darwin
uname -v = Darwin Kernel Version 21.4.0: Fri Mar 18 00:46:32 PDT 2022; root:xnu-8020.101.4~15/RELEASE_ARM64_T6000

/usr/bin/uname -p = arm
/bin/uname -X     = unknown

/bin/arch              = unknown
/usr/bin/arch -k       = unknown
/usr/convex/getsysinfo = unknown
hostinfo               = Mach kernel version:
	 Darwin Kernel Version 21.4.0: Fri Mar 18 00:46:32 PDT 2022; root:xnu-8020.101.4~15/RELEASE_ARM64_T6000
Kernel configured for up to 10 processors.
10 processors are physically available.
10 processors are logically available.
Processor type: arm64e (ARM64E)
Processors active: 0 1 2 3 4 5 6 7 8 9
Primary memory available: 64.00 gigabytes
Default processor set: 834 tasks, 5720 threads, 10 processors
Load average: 54.73, Mach factor: 0.51
/bin/machine           = unknown
/usr/bin/oslevel       = unknown
/bin/universe          = unknown

PATH: /usr/local/opt/openssl@1.1/bin
PATH: /usr/local/opt/m4/bin
PATH: /Users/yoci642/opt/anaconda3/bin
PATH: /Users/yoci642/opt/anaconda3/condabin
PATH: /Users/yoci642/.nvm/versions/node/v8.17.0/bin
PATH: /Library/Frameworks/Python.framework/Versions/3.6/bin
PATH: /Library/Frameworks/Python.framework/Versions/3.8/bin
PATH: /usr/local/bin
PATH: /usr/bin
PATH: /bin
PATH: /usr/sbin
PATH: /sbin
PATH: /Library/TeX/texbin
PATH: /Library/Apple/usr/bin
PATH: /Applications/Postgres.app/Contents/Versions/latest/bin
PATH: /Users/yoci642/Desktop/Dev/flutter/bin
PATH: /Users/yoci642/.rvm/bin


## ----------- ##
## Core tests. ##
## ----------- ##

configure:1329: checking build system type
configure:1347: result: arm-apple-darwin21.4.0
configure:1355: checking host system type
configure:1369: result: arm-apple-darwin21.4.0
configure:1424: checking for gcc
configure:1450: result: gcc44
configure:1694: checking for C compiler version
configure:1697: gcc44 --version </dev/null >&5
./configure: line 1698: gcc44: command not found
configure:1700: $? = 127
configure:1702: gcc44 -v </dev/null >&5
./configure: line 1703: gcc44: command not found
configure:1705: $? = 127
configure:1707: gcc44 -V </dev/null >&5
./configure: line 1708: gcc44: command not found
configure:1710: $? = 127
configure:1733: checking for C compiler default output file name
configure:1736: gcc44    conftest.c  >&5
./configure: line 1737: gcc44: command not found
configure:1739: $? = 127
configure: failed program was:
| /* confdefs.h.  */
| 
| #define PACKAGE_NAME "Lemur"
| #define PACKAGE_TARNAME "lemur"
| #define PACKAGE_VERSION "4.3"
| #define PACKAGE_STRING "Lemur 4.3"
| #define PACKAGE_BUGREPORT "project@lemurproject.org"
| /* end confdefs.h.  */
| 
| int
| main ()
| {
| 
|   ;
|   return 0;
| }
configure:1778: error: C compiler cannot create executables
See `config.log' for more details.

## ---------------- ##
## Cache variables. ##
## ---------------- ##

ac_cv_build=arm-apple-darwin21.4.0
ac_cv_build_alias=arm-apple-darwin21.4.0
ac_cv_env_CC_set=set
ac_cv_env_CC_value=gcc44
ac_cv_env_CFLAGS_set=
ac_cv_env_CFLAGS_value=
ac_cv_env_CPPFLAGS_set=
ac_cv_env_CPPFLAGS_value=
ac_cv_env_CXXFLAGS_set=
ac_cv_env_CXXFLAGS_value=
ac_cv_env_CXX_set=set
ac_cv_env_CXX_value=g++44
ac_cv_env_LDFLAGS_set=
ac_cv_env_LDFLAGS_value=
ac_cv_env_build_alias_set=
ac_cv_env_build_alias_value=
ac_cv_env_host_alias_set=
ac_cv_env_host_alias_value=
ac_cv_env_target_alias_set=
ac_cv_env_target_alias_value=
ac_cv_host=arm-apple-darwin21.4.0
ac_cv_host_alias=arm-apple-darwin21.4.0
ac_cv_prog_ac_ct_CC=gcc44

## ----------------- ##
## Output variables. ##
## ----------------- ##

AR=''
CC='gcc44'
CFLAGS=''
CPPFLAGS=''
CSHARP_SHARED=''
CSHARP_SO=''
CXX='g++44'
CXXFLAGS=''
DEFS=''
ECHO_C='ECHO_N=''
ECHO_T=''
EXEEXT=''
HOST_OS=''
INSTALL_DATA=''
INSTALL_PROGRAM=''
INSTALL_SCRIPT=''
JAR=''
JAVAC=''
JAVAHOME=''
JAVAINC=''
JAVA_SHARED=''
JAVA_SO=''
LDFLAGS=''
LEX=''
LEXLIB=''
LEX_OUTPUT_ROOT=''
LIBOBJS=''
LIBS=''
LTLIBOBJS=''
MCS=''
MODULES=''
OBJEXT=''
PACKAGE_BUGREPORT='project@lemurproject.org'
PACKAGE_NAME='Lemur'
PACKAGE_STRING='Lemur 4.3'
PACKAGE_TARNAME='lemur'
PACKAGE_VERSION='4.3'
PATH_SEPARATOR=':'
PHPCONFIG=''
PHPINCLUDE=''
PHP_SHARED=''
PHP_SO=''
SHARED=''
SHELL='/bin/sh'
SITESEED=''
SWIG=''
WITH_CLUSTER=''
WITH_CSHARP=''
WITH_DISTRIB=''
WITH_JAVA=''
WITH_PHP=''
WITH_SUMMARIZATION=''
WITH_SWIG=''
ac_ct_CC='gcc44'
ac_ct_CXX=''
bindir='${exec_prefix}/bin'
build='arm-apple-darwin21.4.0'
build_alias=''
build_cpu='arm'
build_os='darwin21.4.0'
build_vendor='apple'
datadir='${prefix}/share'
exec_prefix='NONE'
host='arm-apple-darwin21.4.0'
host_alias=''
host_cpu='arm'
host_os='darwin21.4.0'
host_vendor='apple'
includedir='${prefix}/include'
infodir='${prefix}/info'
libdir='${exec_prefix}/lib'
libexecdir='${exec_prefix}/libexec'
localstatedir='${prefix}/var'
mandir='${prefix}/man'
oldincludedir='/usr/include'
prefix='NONE'
program_transform_name='s,x,x,'
sbindir='${exec_prefix}/sbin'
sharedstatedir='${prefix}/com'
sysconfdir='${prefix}/etc'
target_alias=''

## ----------- ##
## confdefs.h. ##
## ----------- ##

#define PACKAGE_BUGREPORT "project@lemurproject.org"
#define PACKAGE_NAME "Lemur"
#define PACKAGE_STRING "Lemur 4.3"
#define PACKAGE_TARNAME "lemur"
#define PACKAGE_VERSION "4.3"

configure: exit 77
